vertex number is 183811
edge number is 641727
change: 0.000009: 100%|█████████████████████████████████████████████████████████████████| 52/52 [00:09<00:00,  5.43it/s]
cost 9.62436556816101 seconds
sum rank: 1.000000000000152
the top 50 vertexes are:
 0: WT21-B37-76 , 0.002679411782004872
 1: WT21-B37-75 , 0.0015259179545259707
 2: WT25-B39-116, 0.0014694903442842603
 3: WT23-B21-53 , 0.001372318298611251
 4: WT24-B40-171, 0.0012450857214914045
 5: WT23-B39-340, 0.0012405102631346452
 6: WT23-B37-134, 0.0012052118358993104
 7: WT08-B18-400, 0.0011435412671867073
 8: WT13-B06-284, 0.001124784498968124
 9: WT24-B26-46 , 0.0010850477524475687
10: WT13-B06-273, 0.0010447037732966573
11: WT01-B18-225, 0.000988444112412229
12: WT04-B27-720, 0.0009364121732851263
13: WT23-B19-156, 0.0008942331299355578
14: WT04-B30-12 , 0.0008164418439779107
15: WT24-B26-10 , 0.0008074075591464005
16: WT25-B15-307, 0.0008043825500943483
17: WT07-B18-256, 0.0007749620820569886
18: WT24-B26-2  , 0.0007713422020019605
19: WT14-B03-220, 0.0007164544283063738
20: WT24-B40-167, 0.0007075180758012208
21: WT14-B03-227, 0.0006850365694979837
22: WT18-B31-240, 0.0006601924070883505
23: WT04-B40-202, 0.0006587063357655004
24: WT08-B19-222, 0.0006434325931950835
25: WT27-B28-203, 0.0006270018495747913
26: WT13-B15-160, 0.0006212967425269644
27: WT13-B39-295, 0.0006169614522729972
28: WT12-B30-56 , 0.000602288577500964
29: WT10-B02-288, 0.0005759926287048992
30: WT22-B38-403, 0.0005745732035024675
31: WT14-B36-337, 0.0005582556023048213
32: WT27-B34-57 , 0.0005555003827287828
33: WT23-B20-363, 0.0005508631507103246
34: WT23-B01-40 , 0.0005504235601817891
35: WT27-B32-30 , 0.0005497710848210235
36: WT21-B40-37 , 0.0005481804244632968
37: WT21-B35-155, 0.000540051231313531
38: WT08-B08-60 , 0.0005356387518877718
39: WT04-B22-268, 0.0005327734088729927
40: WT14-B02-400, 0.0005325762109516432
41: WT18-B14-66 , 0.0005320616543430881
42: WT23-B27-31 , 0.0005256175614328891
43: WT23-B38-120, 0.0005209364178559191
44: WT06-B35-151, 0.0005201047067508116
45: WT06-B14-69 , 0.0005190654511986177
46: WT06-B35-161, 0.0005182099783044041
47: WT10-B33-300, 0.0005168068003687447
48: WT14-B36-336, 0.0005154588576267992
49: WT14-B36-335, 0.0005154588576267992


Loaded data
Vertex number is 183811, Edge number is 641727
Initialize RDD of links and ranks
0.5841934680938721
WT21-B37-76 has rank 0.001455327905704491.
WT21-B37-75 has rank 0.000829045406314763.
WT23-B39-340 has rank 0.0007271856704520559.
WT24-B40-171 has rank 0.0007249702286282454.
WT23-B21-53 has rank 0.0007035005970384698.
54.798847913742065